{
  "RSpec": {
    "coverage": {
      "/home/jolly-technologist-1233/tic-tac-toe-rb-online-web-sp-000/lib/tic_tac_toe.rb": [
        1,
        null,
        null,
        1,
        null,
        null,
        null,
        null,
        1,
        25,
        25,
        25,
        25,
        25,
        null,
        null,
        1,
        24,
        null,
        null,
        1,
        23,
        null,
        null,
        1,
        26,
        null,
        null,
        1,
        25,
        null,
        null,
        1,
        23,
        23,
        207,
        32,
        null,
        null,
        23,
        null,
        null,
        1,
        22,
        22,
        15,
        7,
        7,
        null,
        null,
        null,
        null,
        null,
        1,
        21,
        21,
        21,
        21,
        21,
        20,
        20,
        1,
        1,
        null,
        null,
        null,
        1,
        45,
        720,
        16,
        572,
        6,
        null,
        250,
        null,
        null,
        null,
        null,
        1,
        51,
        219,
        null,
        null,
        null,
        1,
        27,
        4,
        null,
        23,
        null,
        null,
        null,
        1,
        23,
        10,
        null,
        null,
        null,
        1,
        7,
        16,
        4,
        null,
        2,
        null,
        null,
        null,
        null,
        null,
        null,
        1,
        12,
        12,
        18,
        18,
        null,
        12,
        5,
        7,
        3,
        null,
        null
      ]
    },
    "timestamp": 1615578012
  }
}
