{
  "RSpec": {
    "coverage": {
      "/home/jolly-technologist-1233/tic-tac-toe-rb-online-web-sp-000/lib/tic_tac_toe.rb": [
        1,
        null,
        null,
        1,
        null,
        null,
        null,
        null,
        1,
        5,
        5,
        5,
        5,
        5,
        null,
        null,
        1,
        13,
        null,
        null,
        1,
        3,
        3,
        null,
        null,
        1,
        15,
        null,
        null,
        1,
        14,
        null,
        null,
        1,
        5,
        5,
        45,
        6,
        null,
        null,
        5,
        null,
        null,
        1,
        4,
        4,
        3,
        1,
        1,
        null,
        null,
        null,
        null,
        null,
        1,
        10,
        10,
        10,
        10,
        9,
        0,
        1,
        1,
        null,
        null,
        null,
        1,
        29,
        382,
        12,
        305,
        6,
        null,
        126,
        null,
        null,
        null,
        null,
        1,
        27,
        123,
        null,
        null,
        null,
        1,
        14,
        4,
        null,
        10,
        null,
        null,
        null,
        1,
        12,
        7,
        null,
        null,
        null,
        1,
        6,
        14,
        3,
        null,
        2,
        null,
        null,
        null,
        null,
        null,
        null,
        1,
        12,
        12,
        7,
        0,
        null,
        5,
        3,
        2,
        2,
        null,
        null
      ]
    },
    "timestamp": 1615577251
  }
}
